<?xml version="1.0" encoding="UTF-8"?>
<robot generator="Robot 6.0.1 (Python 3.11.0 on win32)" generated="20221121 23:28:12.952" rpa="false" schemaversion="3">
<suite id="s1" name="Cadastro" source="c:\Users\Anderson\Documents\DesafioIntermediario\testes\cadastro.robot">
<test id="s1-t1" name="Cenário 2: Cadastrar usuário já registrado no sistema" line="17">
<kw name="Abrir navegador na Página de Cadastro" library="cadastro_page">
<kw name="Open Browser" library="SeleniumLibrary">
<arg>${url_cadastro}</arg>
<arg>Chrome</arg>
<doc>Opens a new browser instance to the optional ``url``.</doc>
<msg timestamp="20221121 23:28:13.333" level="INFO">Opening browser 'Chrome' to base url 'https://seubarriga.wcaquino.me/cadastro'.</msg>
<status status="PASS" starttime="20221121 23:28:13.332" endtime="20221121 23:28:15.383"/>
</kw>
<status status="PASS" starttime="20221121 23:28:13.330" endtime="20221121 23:28:15.383"/>
</kw>
<kw name="Inserir novo nome" library="cadastro_page">
<kw name="Input Text" library="SeleniumLibrary">
<arg>${input_nome}</arg>
<arg>Lima</arg>
<doc>Types the given ``text`` into the text field identified by ``locator``.</doc>
<msg timestamp="20221121 23:28:15.386" level="INFO">Typing text 'Lima' into text field 'id: nome'.</msg>
<status status="PASS" starttime="20221121 23:28:15.385" endtime="20221121 23:28:15.521"/>
</kw>
<status status="PASS" starttime="20221121 23:28:15.384" endtime="20221121 23:28:15.522"/>
</kw>
<kw name="Inserir email já registrado" library="cadastro_page">
<kw name="Input Text" library="SeleniumLibrary">
<arg>${input_email}</arg>
<arg>anderson@bootcampdesafio.com</arg>
<doc>Types the given ``text`` into the text field identified by ``locator``.</doc>
<msg timestamp="20221121 23:28:15.524" level="INFO">Typing text 'anderson@bootcampdesafio.com' into text field 'id: email'.</msg>
<status status="PASS" starttime="20221121 23:28:15.523" endtime="20221121 23:28:15.691"/>
</kw>
<status status="PASS" starttime="20221121 23:28:15.523" endtime="20221121 23:28:15.691"/>
</kw>
<kw name="Inserir nova senha" library="cadastro_page">
<kw name="Input Text" library="SeleniumLibrary">
<arg>${input_senha}</arg>
<arg>123456</arg>
<doc>Types the given ``text`` into the text field identified by ``locator``.</doc>
<msg timestamp="20221121 23:28:15.715" level="INFO">Typing text '123456' into text field 'id: senha'.</msg>
<status status="PASS" starttime="20221121 23:28:15.714" endtime="20221121 23:28:15.864"/>
</kw>
<status status="PASS" starttime="20221121 23:28:15.714" endtime="20221121 23:28:15.864"/>
</kw>
<kw name="Clicar no botão Cadastrar" library="cadastro_page">
<kw name="Click Button" library="SeleniumLibrary">
<arg>${botao_Cadastrar}</arg>
<doc>Clicks the button identified by ``locator``.</doc>
<msg timestamp="20221121 23:28:15.867" level="INFO">Clicking button '//input[@class='btn btn-primary']'.</msg>
<status status="PASS" starttime="20221121 23:28:15.866" endtime="20221121 23:28:16.392"/>
</kw>
<status status="PASS" starttime="20221121 23:28:15.865" endtime="20221121 23:28:16.393"/>
</kw>
<kw name="Verificar se o sistema apresenta mensagem de erro no cadastro" library="cadastro_page">
<kw name="Get Text" library="SeleniumLibrary">
<arg>${mensagem_erroCadastro}</arg>
<doc>Returns the text value of the element identified by ``locator``.</doc>
<status status="PASS" starttime="20221121 23:28:16.396" endtime="20221121 23:28:16.435"/>
</kw>
<status status="PASS" starttime="20221121 23:28:16.395" endtime="20221121 23:28:16.435"/>
</kw>
<status status="PASS" starttime="20221121 23:28:13.329" endtime="20221121 23:28:16.436"/>
</test>
<status status="PASS" starttime="20221121 23:28:12.959" endtime="20221121 23:28:16.438"/>
</suite>
<statistics>
<total>
<stat pass="1" fail="0" skip="0">All Tests</stat>
</total>
<tag>
</tag>
<suite>
<stat pass="1" fail="0" skip="0" id="s1" name="Cadastro">Cadastro</stat>
</suite>
</statistics>
<errors>
</errors>
</robot>
